{"meta": {"version": "6.2", "timestamp": "2022-01-21T17:42:03.630967", "branch_coverage": true, "show_contexts": false}, "files": {"core/decorators.py": {"executed_lines": [2, 3, 4, 5, 6, 7, 8, 11, 13, 17, 20, 22, 23, 24, 25, 26, 27, 28, 31, 34, 35, 36, 37, 38, 39, 40, 41, 42, 44, 47, 48, 57], "summary": {"covered_lines": 32, "num_statements": 43, "percent_covered": 70.58823529411765, "percent_covered_display": "71", "missing_lines": 11, "excluded_lines": 0, "num_branches": 8, "num_partial_branches": 0, "covered_branches": 4, "missing_branches": 4}, "missing_lines": [14, 15, 16, 49, 50, 51, 52, 53, 54, 55, 56], "excluded_lines": []}, "core/views.py": {"executed_lines": [1, 2, 3, 4, 5, 6, 7, 8, 9, 10, 11, 14, 15, 16, 18, 19, 20, 21, 24, 25, 26, 27, 29, 30, 36, 37, 38, 39, 40, 41, 44, 45, 49, 50, 51, 53], "summary": {"covered_lines": 34, "num_statements": 38, "percent_covered": 79.62962962962963, "percent_covered_display": "80", "missing_lines": 4, "excluded_lines": 0, "num_branches": 16, "num_partial_branches": 5, "covered_branches": 9, "missing_branches": 7}, "missing_lines": [22, 42, 43, 54], "excluded_lines": []}, "gestionecampionato/commandpattern/command.py": {"executed_lines": [1, 2, 4, 5, 9, 10], "summary": {"covered_lines": 5, "num_statements": 6, "percent_covered": 87.5, "percent_covered_display": "88", "missing_lines": 1, "excluded_lines": 0, "num_branches": 2, "num_partial_branches": 0, "covered_branches": 2, "missing_branches": 0}, "missing_lines": [11], "excluded_lines": []}, "gestionecampionato/commandpattern/generacalendariocommand.py": {"executed_lines": [1, 2, 3, 5, 6, 11, 12, 13, 15, 19], "summary": {"covered_lines": 9, "num_statements": 9, "percent_covered": 100.0, "percent_covered_display": "100", "missing_lines": 0, "excluded_lines": 0, "num_branches": 2, "num_partial_branches": 0, "covered_branches": 2, "missing_branches": 0}, "missing_lines": [], "excluded_lines": []}, "gestionecampionato/commandpattern/invoker.py": {"executed_lines": [1, 4, 5, 10, 16, 17, 19, 24, 25], "summary": {"covered_lines": 8, "num_statements": 8, "percent_covered": 91.66666666666667, "percent_covered_display": "92", "missing_lines": 0, "excluded_lines": 0, "num_branches": 4, "num_partial_branches": 1, "covered_branches": 3, "missing_branches": 1}, "missing_lines": [], "excluded_lines": []}, "gestionecampionato/commandpattern/receiver.py": {"executed_lines": [2, 3, 4, 5, 6, 7, 8, 9, 10, 11, 14, 15, 20, 29, 32, 33, 35, 36, 37, 38, 40, 42, 44, 46, 47, 48, 49, 50, 51, 52, 53, 54, 55], "summary": {"covered_lines": 32, "num_statements": 32, "percent_covered": 100.0, "percent_covered_display": "100", "missing_lines": 0, "excluded_lines": 0, "num_branches": 10, "num_partial_branches": 0, "covered_branches": 10, "missing_branches": 0}, "missing_lines": [], "excluded_lines": []}, "gestionecampionato/forms.py": {"executed_lines": [1, 2, 3, 4, 6, 8, 10, 11, 12, 13, 19, 21, 22, 23, 24, 29, 30, 35, 40, 41, 42, 44, 46, 47, 48, 49, 50, 51, 52, 55, 56, 57, 59, 60, 61, 63, 64, 66, 75, 76, 77, 101, 102, 103, 105, 115, 124, 125, 126], "summary": {"covered_lines": 45, "num_statements": 82, "percent_covered": 55.08474576271186, "percent_covered_display": "55", "missing_lines": 37, "excluded_lines": 0, "num_branches": 36, "num_partial_branches": 0, "covered_branches": 20, "missing_branches": 16}, "missing_lines": [68, 69, 70, 72, 84, 86, 87, 89, 90, 91, 92, 93, 94, 95, 97, 98, 106, 107, 108, 110, 111, 113, 117, 118, 119, 121, 133, 135, 136, 138, 139, 140, 141, 142, 143, 145, 146], "excluded_lines": []}, "gestionecampionato/views.py": {"executed_lines": [1, 2, 3, 4, 5, 6, 7, 8, 9, 10, 11, 12, 14, 15, 16, 18, 19, 20, 21, 23, 26, 27, 28, 29, 30, 31, 32, 33, 36, 37, 38, 39, 40, 41, 42, 43, 46, 47, 48, 49, 51, 53, 54, 56, 57, 58, 60, 61, 63, 65, 66, 67, 69, 70, 74, 75, 76, 78, 79, 80, 81, 84, 86, 91, 92, 93, 95, 97, 98, 99, 101, 102, 103, 104, 106, 108, 110, 112, 115, 121, 170, 171, 173, 200, 246, 247, 249, 256, 264, 265, 267], "summary": {"covered_lines": 86, "num_statements": 166, "percent_covered": 50.96153846153846, "percent_covered_display": "51", "missing_lines": 80, "excluded_lines": 0, "num_branches": 42, "num_partial_branches": 0, "covered_branches": 20, "missing_branches": 22}, "missing_lines": [87, 88, 123, 124, 126, 128, 130, 136, 137, 139, 142, 145, 146, 147, 149, 151, 152, 153, 154, 155, 156, 157, 158, 160, 162, 164, 175, 176, 179, 181, 184, 186, 188, 190, 192, 195, 203, 204, 207, 209, 212, 213, 215, 217, 219, 222, 225, 227, 228, 229, 230, 231, 232, 233, 234, 236, 238, 240, 250, 252, 253, 254, 257, 259, 261, 268, 269, 274, 275, 277, 280, 281, 282, 284, 285, 287, 290, 291, 292, 294], "excluded_lines": []}, "gestionesquadra/filters.py": {"executed_lines": [], "summary": {"covered_lines": 0, "num_statements": 8, "percent_covered": 0.0, "percent_covered_display": "0", "missing_lines": 8, "excluded_lines": 0, "num_branches": 4, "num_partial_branches": 0, "covered_branches": 0, "missing_branches": 4}, "missing_lines": [1, 2, 4, 6, 7, 8, 10, 11], "excluded_lines": []}, "gestionesquadra/forms.py": {"executed_lines": [1, 2, 5, 6, 7, 8, 10, 18], "summary": {"covered_lines": 7, "num_statements": 16, "percent_covered": 50.0, "percent_covered_display": "50", "missing_lines": 9, "excluded_lines": 0, "num_branches": 2, "num_partial_branches": 0, "covered_branches": 2, "missing_branches": 0}, "missing_lines": [11, 12, 14, 15, 16, 19, 20, 21, 22], "excluded_lines": []}, "gestionesquadra/views.py": {"executed_lines": [1, 2, 3, 4, 5, 6, 7, 8, 9, 10, 11, 12, 13, 14, 15, 16, 17, 19, 20, 35, 44, 45, 46, 48, 67, 68, 70, 76], "summary": {"covered_lines": 27, "num_statements": 67, "percent_covered": 41.333333333333336, "percent_covered_display": "41", "missing_lines": 40, "excluded_lines": 0, "num_branches": 8, "num_partial_branches": 0, "covered_branches": 4, "missing_branches": 4}, "missing_lines": [22, 23, 24, 27, 28, 29, 30, 31, 32, 33, 36, 37, 38, 40, 41, 49, 50, 51, 52, 53, 54, 55, 56, 57, 58, 59, 60, 61, 71, 72, 73, 74, 77, 78, 79, 80, 81, 82, 83, 84], "excluded_lines": []}, "gestioneutenza/forms.py": {"executed_lines": [1, 2, 3, 4, 5, 6, 7, 9, 11, 12, 13, 14, 18, 31], "summary": {"covered_lines": 14, "num_statements": 24, "percent_covered": 56.25, "percent_covered_display": "56", "missing_lines": 10, "excluded_lines": 0, "num_branches": 8, "num_partial_branches": 0, "covered_branches": 4, "missing_branches": 4}, "missing_lines": [19, 21, 22, 24, 25, 26, 27, 28, 29, 32], "excluded_lines": []}, "gestioneutenza/strategyclasses/allenatorestrategy.py": {"executed_lines": [1, 2, 3, 4, 5, 7, 8, 9, 10, 12, 13, 14, 15, 17, 18, 22, 43, 56], "summary": {"covered_lines": 17, "num_statements": 36, "percent_covered": 43.18181818181818, "percent_covered_display": "43", "missing_lines": 19, "excluded_lines": 0, "num_branches": 8, "num_partial_branches": 0, "covered_branches": 2, "missing_branches": 6}, "missing_lines": [32, 33, 34, 35, 36, 37, 38, 40, 41, 52, 53, 54, 67, 68, 69, 72, 74, 75, 76], "excluded_lines": []}, "gestioneutenza/strategyclasses/castrategy.py": {"executed_lines": [1, 2, 3, 4, 5, 7, 8, 9, 10, 12, 13, 14, 15, 17, 18, 22], "summary": {"covered_lines": 15, "num_statements": 18, "percent_covered": 85.0, "percent_covered_display": "85", "missing_lines": 3, "excluded_lines": 0, "num_branches": 2, "num_partial_branches": 0, "covered_branches": 2, "missing_branches": 0}, "missing_lines": [32, 33, 34], "excluded_lines": []}, "gestioneutenza/strategyclasses/invitenotfound.py": {"executed_lines": [1, 2, 4], "summary": {"covered_lines": 2, "num_statements": 2, "percent_covered": 100.0, "percent_covered_display": "100", "missing_lines": 0, "excluded_lines": 0, "num_branches": 2, "num_partial_branches": 0, "covered_branches": 2, "missing_branches": 0}, "missing_lines": [], "excluded_lines": []}, "gestioneutenza/strategyclasses/strategy.py": {"executed_lines": [1, 2, 5, 6, 10, 16, 18, 19, 28, 29, 36, 48, 49, 57, 58], "summary": {"covered_lines": 13, "num_statements": 18, "percent_covered": 77.27272727272727, "percent_covered_display": "77", "missing_lines": 5, "excluded_lines": 0, "num_branches": 4, "num_partial_branches": 0, "covered_branches": 4, "missing_branches": 0}, "missing_lines": [26, 34, 44, 45, 59], "excluded_lines": []}, "gestioneutenza/views.py": {"executed_lines": [1, 2, 3, 4, 5, 6, 7, 8, 9, 10, 11, 12, 13, 14, 15, 16, 17, 18, 19, 21, 24, 25, 26, 28, 29, 33, 34, 35, 36, 37, 39, 40, 63, 64, 65, 67, 71, 72, 74, 79, 80, 81, 82, 83, 84, 85, 86, 89, 90, 91, 92, 93], "summary": {"covered_lines": 47, "num_statements": 65, "percent_covered": 72.8395061728395, "percent_covered_display": "73", "missing_lines": 18, "excluded_lines": 0, "num_branches": 16, "num_partial_branches": 0, "covered_branches": 12, "missing_branches": 4}, "missing_lines": [30, 41, 42, 43, 44, 45, 46, 47, 48, 49, 50, 52, 53, 54, 56, 68, 75, 76], "excluded_lines": []}}, "totals": {"covered_lines": 393, "num_statements": 638, "percent_covered": 60.960591133004925, "percent_covered_display": "61", "missing_lines": 245, "excluded_lines": 0, "num_branches": 174, "num_partial_branches": 6, "covered_branches": 102, "missing_branches": 72}}