{"meta": {"version": "6.2", "timestamp": "2022-01-25T14:49:17.520714", "branch_coverage": true, "show_contexts": false}, "files": {"core/decorators.py": {"executed_lines": [2, 3, 4, 5, 6, 7, 8, 9, 10, 11, 14, 16, 20, 24, 26, 27, 28, 29, 30, 31, 34, 37, 38, 39, 40, 41, 42, 43, 44, 45, 48, 51, 52, 61, 64, 66, 72, 75, 77, 82, 85, 87, 91, 94, 96, 97, 98, 99, 105, 107], "summary": {"covered_lines": 50, "num_statements": 76, "percent_covered": 60.0, "percent_covered_display": "60", "missing_lines": 26, "excluded_lines": 0, "num_branches": 14, "num_partial_branches": 0, "covered_branches": 4, "missing_branches": 10}, "missing_lines": [17, 18, 19, 53, 54, 55, 56, 57, 58, 59, 60, 67, 68, 69, 70, 71, 78, 79, 80, 81, 88, 89, 90, 100, 101, 104], "excluded_lines": []}, "core/views.py": {"executed_lines": [1, 2, 3, 4, 6, 7, 8, 11, 12, 13, 15, 16, 17, 18, 19, 21, 22, 23, 24, 25, 26, 32, 33, 35, 36, 37, 38, 39, 40, 43, 44, 47, 48], "summary": {"covered_lines": 32, "num_statements": 32, "percent_covered": 95.45454545454545, "percent_covered_display": "95", "missing_lines": 0, "excluded_lines": 0, "num_branches": 12, "num_partial_branches": 2, "covered_branches": 10, "missing_branches": 2}, "missing_lines": [], "excluded_lines": []}, "gestionecampionato/caricamentovoti/ImportVoti.py": {"executed_lines": [1, 2, 3, 4, 5, 6, 7, 10, 12, 15, 33, 34, 66, 67], "summary": {"covered_lines": 14, "num_statements": 45, "percent_covered": 32.6530612244898, "percent_covered_display": "33", "missing_lines": 31, "excluded_lines": 0, "num_branches": 4, "num_partial_branches": 0, "covered_branches": 2, "missing_branches": 2}, "missing_lines": [13, 16, 17, 18, 19, 20, 21, 22, 24, 25, 27, 28, 29, 30, 31, 35, 37, 38, 39, 40, 41, 59, 60, 61, 62, 63, 64, 68, 69, 70, 71], "excluded_lines": []}, "gestionecampionato/commandpattern/command.py": {"executed_lines": [1, 2, 4, 5, 9, 10], "summary": {"covered_lines": 5, "num_statements": 6, "percent_covered": 87.5, "percent_covered_display": "88", "missing_lines": 1, "excluded_lines": 0, "num_branches": 2, "num_partial_branches": 0, "covered_branches": 2, "missing_branches": 0}, "missing_lines": [11], "excluded_lines": []}, "gestionecampionato/commandpattern/generacalendariocommand.py": {"executed_lines": [1, 2, 3, 5, 6, 11, 12, 13, 15, 19], "summary": {"covered_lines": 9, "num_statements": 9, "percent_covered": 100.0, "percent_covered_display": "100", "missing_lines": 0, "excluded_lines": 0, "num_branches": 2, "num_partial_branches": 0, "covered_branches": 2, "missing_branches": 0}, "missing_lines": [], "excluded_lines": []}, "gestionecampionato/commandpattern/invoker.py": {"executed_lines": [1, 4, 5, 10, 16, 17, 19, 24, 25], "summary": {"covered_lines": 8, "num_statements": 8, "percent_covered": 91.66666666666667, "percent_covered_display": "92", "missing_lines": 0, "excluded_lines": 0, "num_branches": 4, "num_partial_branches": 1, "covered_branches": 3, "missing_branches": 1}, "missing_lines": [], "excluded_lines": []}, "gestionecampionato/commandpattern/receiver.py": {"executed_lines": [2, 3, 4, 5, 6, 7, 8, 9, 10, 11, 14, 15, 20, 29, 32, 33, 35, 36, 37, 38, 40, 42, 44, 46, 47, 48, 49, 50, 51, 52, 53, 54, 55], "summary": {"covered_lines": 32, "num_statements": 32, "percent_covered": 100.0, "percent_covered_display": "100", "missing_lines": 0, "excluded_lines": 0, "num_branches": 10, "num_partial_branches": 0, "covered_branches": 10, "missing_branches": 0}, "missing_lines": [], "excluded_lines": []}, "gestionecampionato/exceptions.py": {"executed_lines": [1, 2, 4, 7, 8, 10, 13, 14, 16], "summary": {"covered_lines": 6, "num_statements": 6, "percent_covered": 100.0, "percent_covered_display": "100", "missing_lines": 0, "excluded_lines": 0, "num_branches": 6, "num_partial_branches": 0, "covered_branches": 6, "missing_branches": 0}, "missing_lines": [], "excluded_lines": []}, "gestionecampionato/facadepattern/facade.py": {"executed_lines": [1, 3, 4, 5, 7, 8, 11, 12, 20, 29, 38, 39, 45, 55, 103, 104, 107, 108, 111, 112, 115, 116], "summary": {"covered_lines": 20, "num_statements": 66, "percent_covered": 28.571428571428573, "percent_covered_display": "29", "missing_lines": 46, "excluded_lines": 0, "num_branches": 18, "num_partial_branches": 0, "covered_branches": 4, "missing_branches": 14}, "missing_lines": [27, 35, 46, 47, 48, 49, 50, 51, 52, 53, 57, 58, 60, 63, 65, 66, 67, 68, 70, 71, 73, 74, 75, 76, 78, 79, 80, 81, 83, 86, 87, 89, 91, 92, 93, 94, 95, 96, 97, 98, 99, 101, 105, 109, 113, 117], "excluded_lines": []}, "gestionecampionato/forms.py": {"executed_lines": [1, 2, 3, 4, 6, 8, 10, 12, 13, 14, 19, 21, 22, 23, 24, 29, 30, 35, 40, 41, 42, 44, 46, 47, 48, 49, 50, 51, 52, 55, 56, 57, 59, 60, 61, 63, 64, 66, 75, 76, 77, 101, 102, 103, 105, 106, 107, 108, 110, 111, 112, 114, 123, 124, 125], "summary": {"covered_lines": 51, "num_statements": 82, "percent_covered": 60.16949152542373, "percent_covered_display": "60", "missing_lines": 31, "excluded_lines": 0, "num_branches": 36, "num_partial_branches": 0, "covered_branches": 20, "missing_branches": 16}, "missing_lines": [68, 69, 70, 72, 84, 86, 87, 89, 90, 91, 92, 93, 94, 95, 97, 98, 116, 117, 118, 120, 132, 134, 135, 137, 138, 139, 140, 141, 142, 144, 145], "excluded_lines": []}, "gestionecampionato/views.py": {"executed_lines": [1, 2, 3, 4, 5, 6, 7, 8, 9, 10, 12, 13, 14, 15, 16, 18, 19, 20, 21, 22, 23, 26, 27, 28, 29, 30, 31, 32, 33, 34, 37, 38, 39, 40, 41, 42, 43, 44, 45, 48, 49, 50, 51, 53, 55, 56, 58, 59, 60, 62, 63, 65, 67, 68, 69, 71, 72, 74, 78, 79, 80, 82, 83, 84, 85, 88, 90, 95, 96, 97, 99, 101, 102, 103, 105, 106, 107, 108, 110, 112, 114, 116, 119, 125, 146, 147, 149, 151, 152, 155, 157, 160, 162, 164, 166, 168, 171, 176, 196, 197, 199, 206, 214, 215, 217, 262, 263, 265], "summary": {"covered_lines": 103, "num_statements": 147, "percent_covered": 72.0, "percent_covered_display": "72", "missing_lines": 44, "excluded_lines": 0, "num_branches": 28, "num_partial_branches": 1, "covered_branches": 23, "missing_branches": 5}, "missing_lines": [73, 91, 92, 127, 129, 134, 135, 136, 137, 139, 178, 183, 184, 185, 186, 188, 200, 202, 203, 204, 207, 209, 211, 218, 219, 224, 225, 228, 232, 233, 234, 237, 238, 241, 245, 248, 250, 251, 252, 254, 266, 267, 268, 269], "excluded_lines": []}, "gestionesquadra/forms.py": {"executed_lines": [1, 3, 4, 7, 8, 9, 10, 12, 20, 27, 29, 38, 39, 40, 41], "summary": {"covered_lines": 14, "num_statements": 27, "percent_covered": 57.142857142857146, "percent_covered_display": "57", "missing_lines": 13, "excluded_lines": 0, "num_branches": 8, "num_partial_branches": 0, "covered_branches": 6, "missing_branches": 2}, "missing_lines": [13, 16, 17, 18, 21, 22, 23, 24, 30, 31, 32, 35, 36], "excluded_lines": []}, "gestionesquadra/views.py": {"executed_lines": [1, 2, 3, 4, 5, 6, 7, 8, 9, 10, 11, 12, 13, 14, 15, 16, 17, 18, 20, 21, 23, 24, 25, 26, 29, 30, 45, 54, 55, 56, 58, 76, 77, 78, 79, 81, 92, 102, 103, 104, 105, 106, 107, 108, 109, 111, 120, 121, 122, 123, 124], "summary": {"covered_lines": 47, "num_statements": 93, "percent_covered": 52.38095238095238, "percent_covered_display": "52", "missing_lines": 46, "excluded_lines": 0, "num_branches": 12, "num_partial_branches": 0, "covered_branches": 8, "missing_branches": 4}, "missing_lines": [32, 33, 34, 37, 38, 39, 40, 41, 42, 43, 46, 47, 48, 50, 51, 59, 60, 61, 62, 63, 64, 65, 66, 67, 68, 69, 70, 71, 82, 83, 84, 85, 86, 87, 88, 90, 93, 94, 95, 96, 97, 98, 99, 112, 113, 117], "excluded_lines": []}, "gestioneutenza/forms.py": {"executed_lines": [1, 2, 3, 4, 5, 6, 7, 8, 10, 12, 13, 14, 15, 18, 22, 35], "summary": {"covered_lines": 16, "num_statements": 26, "percent_covered": 58.8235294117647, "percent_covered_display": "59", "missing_lines": 10, "excluded_lines": 0, "num_branches": 8, "num_partial_branches": 0, "covered_branches": 4, "missing_branches": 4}, "missing_lines": [23, 25, 26, 28, 29, 30, 31, 32, 33, 36], "excluded_lines": []}, "gestioneutenza/strategyclasses/allenatorestrategy.py": {"executed_lines": [1, 2, 3, 4, 5, 7, 8, 9, 10, 12, 13, 14, 15, 17, 18, 22, 43, 56], "summary": {"covered_lines": 17, "num_statements": 36, "percent_covered": 43.18181818181818, "percent_covered_display": "43", "missing_lines": 19, "excluded_lines": 0, "num_branches": 8, "num_partial_branches": 0, "covered_branches": 2, "missing_branches": 6}, "missing_lines": [32, 33, 34, 35, 36, 37, 38, 40, 41, 52, 53, 54, 67, 68, 69, 72, 74, 75, 76], "excluded_lines": []}, "gestioneutenza/strategyclasses/castrategy.py": {"executed_lines": [1, 2, 3, 4, 5, 7, 8, 9, 10, 12, 13, 14, 15, 17, 18, 22], "summary": {"covered_lines": 15, "num_statements": 18, "percent_covered": 85.0, "percent_covered_display": "85", "missing_lines": 3, "excluded_lines": 0, "num_branches": 2, "num_partial_branches": 0, "covered_branches": 2, "missing_branches": 0}, "missing_lines": [32, 33, 34], "excluded_lines": []}, "gestioneutenza/strategyclasses/invitenotfound.py": {"executed_lines": [1, 2, 4], "summary": {"covered_lines": 2, "num_statements": 2, "percent_covered": 100.0, "percent_covered_display": "100", "missing_lines": 0, "excluded_lines": 0, "num_branches": 2, "num_partial_branches": 0, "covered_branches": 2, "missing_branches": 0}, "missing_lines": [], "excluded_lines": []}, "gestioneutenza/strategyclasses/strategy.py": {"executed_lines": [1, 2, 5, 6, 10, 16, 18, 19, 28, 29, 36, 48, 49, 57, 58], "summary": {"covered_lines": 13, "num_statements": 18, "percent_covered": 77.27272727272727, "percent_covered_display": "77", "missing_lines": 5, "excluded_lines": 0, "num_branches": 4, "num_partial_branches": 0, "covered_branches": 4, "missing_branches": 0}, "missing_lines": [26, 34, 44, 45, 59], "excluded_lines": []}, "gestioneutenza/views.py": {"executed_lines": [1, 2, 3, 4, 5, 6, 7, 8, 9, 10, 11, 12, 13, 14, 15, 16, 17, 18, 19, 21, 24, 25, 26, 28, 29, 33, 34, 35, 36, 37, 39, 40, 63, 64, 65, 67, 71, 72, 74, 79, 80, 81, 82, 83, 84, 85, 86, 89, 90, 91, 92, 93], "summary": {"covered_lines": 47, "num_statements": 65, "percent_covered": 72.8395061728395, "percent_covered_display": "73", "missing_lines": 18, "excluded_lines": 0, "num_branches": 16, "num_partial_branches": 0, "covered_branches": 12, "missing_branches": 4}, "missing_lines": [30, 41, 42, 43, 44, 45, 46, 47, 48, 49, 50, 52, 53, 54, 56, 68, 75, 76], "excluded_lines": []}}, "totals": {"covered_lines": 501, "num_statements": 794, "percent_covered": 63.333333333333336, "percent_covered_display": "63", "missing_lines": 293, "excluded_lines": 0, "num_branches": 196, "num_partial_branches": 4, "covered_branches": 126, "missing_branches": 70}}