{"meta": {"version": "6.2", "timestamp": "2022-01-24T01:42:07.790869", "branch_coverage": true, "show_contexts": false}, "files": {"core/decorators.py": {"executed_lines": [2, 3, 4, 5, 6, 7, 8, 11, 13, 17, 21, 23, 24, 25, 26, 27, 28, 31, 34, 35, 36, 37, 38, 39, 40, 41, 42, 45, 48, 49, 58, 61, 63, 69, 72, 74, 79], "summary": {"covered_lines": 37, "num_statements": 57, "percent_covered": 59.42028985507246, "percent_covered_display": "59", "missing_lines": 20, "excluded_lines": 0, "num_branches": 12, "num_partial_branches": 0, "covered_branches": 4, "missing_branches": 8}, "missing_lines": [14, 15, 16, 50, 51, 52, 53, 54, 55, 56, 57, 64, 65, 66, 67, 68, 75, 76, 77, 78], "excluded_lines": []}, "core/views.py": {"executed_lines": [1, 2, 3, 4, 6, 7, 8, 11, 12, 13, 15, 16, 17, 18, 19, 21, 22, 23, 24, 25, 26, 32, 33, 35, 36, 37, 38, 39, 40, 43, 44, 47, 48, 52, 53, 54, 56], "summary": {"covered_lines": 35, "num_statements": 36, "percent_covered": 94.0, "percent_covered_display": "94", "missing_lines": 1, "excluded_lines": 0, "num_branches": 14, "num_partial_branches": 2, "covered_branches": 12, "missing_branches": 2}, "missing_lines": [57], "excluded_lines": []}, "gestionecampionato/caricamentovoti/ImportVoti.py": {"executed_lines": [1, 2, 3, 4, 5, 6, 7, 10, 12, 15, 33, 34, 65, 66], "summary": {"covered_lines": 14, "num_statements": 44, "percent_covered": 33.333333333333336, "percent_covered_display": "33", "missing_lines": 30, "excluded_lines": 0, "num_branches": 4, "num_partial_branches": 0, "covered_branches": 2, "missing_branches": 2}, "missing_lines": [13, 16, 17, 18, 19, 20, 21, 22, 24, 25, 27, 28, 29, 30, 31, 35, 37, 38, 39, 40, 41, 59, 60, 61, 62, 63, 67, 68, 69, 70], "excluded_lines": []}, "gestionecampionato/commandpattern/command.py": {"executed_lines": [1, 2, 4, 5, 9, 10], "summary": {"covered_lines": 5, "num_statements": 6, "percent_covered": 87.5, "percent_covered_display": "88", "missing_lines": 1, "excluded_lines": 0, "num_branches": 2, "num_partial_branches": 0, "covered_branches": 2, "missing_branches": 0}, "missing_lines": [11], "excluded_lines": []}, "gestionecampionato/commandpattern/generacalendariocommand.py": {"executed_lines": [1, 2, 3, 5, 6, 11, 12, 13, 15, 19], "summary": {"covered_lines": 9, "num_statements": 9, "percent_covered": 100.0, "percent_covered_display": "100", "missing_lines": 0, "excluded_lines": 0, "num_branches": 2, "num_partial_branches": 0, "covered_branches": 2, "missing_branches": 0}, "missing_lines": [], "excluded_lines": []}, "gestionecampionato/commandpattern/invoker.py": {"executed_lines": [1, 4, 5, 10, 16, 17, 19, 24, 25], "summary": {"covered_lines": 8, "num_statements": 8, "percent_covered": 91.66666666666667, "percent_covered_display": "92", "missing_lines": 0, "excluded_lines": 0, "num_branches": 4, "num_partial_branches": 1, "covered_branches": 3, "missing_branches": 1}, "missing_lines": [], "excluded_lines": []}, "gestionecampionato/commandpattern/receiver.py": {"executed_lines": [2, 3, 4, 5, 6, 7, 8, 9, 10, 11, 14, 15, 20, 29, 32, 33, 35, 36, 37, 38, 40, 42, 44, 46, 47, 48, 49, 50, 51, 52, 53, 54, 55], "summary": {"covered_lines": 32, "num_statements": 32, "percent_covered": 100.0, "percent_covered_display": "100", "missing_lines": 0, "excluded_lines": 0, "num_branches": 10, "num_partial_branches": 0, "covered_branches": 10, "missing_branches": 0}, "missing_lines": [], "excluded_lines": []}, "gestionecampionato/facadepattern/facade.py": {"executed_lines": [1, 3, 4, 5, 7, 8, 11, 12, 20, 29, 38, 39, 45, 56, 104, 105, 108, 109, 112, 113, 116, 117], "summary": {"covered_lines": 20, "num_statements": 67, "percent_covered": 28.235294117647058, "percent_covered_display": "28", "missing_lines": 47, "excluded_lines": 0, "num_branches": 18, "num_partial_branches": 0, "covered_branches": 4, "missing_branches": 14}, "missing_lines": [27, 35, 46, 47, 48, 49, 50, 51, 52, 53, 54, 58, 59, 61, 64, 66, 67, 68, 69, 71, 72, 74, 75, 76, 77, 79, 80, 81, 82, 84, 87, 88, 90, 92, 93, 94, 95, 96, 97, 98, 99, 100, 102, 106, 110, 114, 118], "excluded_lines": []}, "gestionecampionato/forms.py": {"executed_lines": [1, 2, 3, 4, 6, 8, 10, 12, 13, 14, 19, 21, 22, 23, 24, 29, 30, 35, 40, 41, 42, 44, 46, 47, 48, 49, 50, 51, 52, 55, 56, 57, 59, 60, 61, 63, 64, 66, 75, 76, 77, 101, 102, 103, 105, 106, 107, 108, 110, 111, 112, 114, 123, 124, 125], "summary": {"covered_lines": 51, "num_statements": 82, "percent_covered": 60.16949152542373, "percent_covered_display": "60", "missing_lines": 31, "excluded_lines": 0, "num_branches": 36, "num_partial_branches": 0, "covered_branches": 20, "missing_branches": 16}, "missing_lines": [68, 69, 70, 72, 84, 86, 87, 89, 90, 91, 92, 93, 94, 95, 97, 98, 116, 117, 118, 120, 132, 134, 135, 137, 138, 139, 140, 141, 142, 144, 145], "excluded_lines": []}, "gestionecampionato/views.py": {"executed_lines": [1, 2, 3, 4, 5, 6, 7, 8, 9, 10, 12, 13, 14, 15, 16, 18, 19, 20, 21, 23, 26, 27, 28, 29, 30, 31, 32, 33, 36, 37, 38, 39, 40, 41, 42, 43, 46, 47, 48, 49, 51, 53, 54, 56, 57, 58, 60, 61, 63, 65, 66, 67, 69, 70, 74, 75, 76, 78, 79, 80, 81, 84, 86, 91, 92, 93, 95, 97, 98, 99, 101, 102, 103, 104, 106, 108, 110, 112, 115, 121, 143, 144, 146, 148, 149, 152, 154, 157, 159, 161, 163, 165, 168, 173, 194, 195, 197, 204, 212, 213, 215, 253, 254, 256], "summary": {"covered_lines": 99, "num_statements": 139, "percent_covered": 73.33333333333333, "percent_covered_display": "73", "missing_lines": 40, "excluded_lines": 0, "num_branches": 26, "num_partial_branches": 0, "covered_branches": 22, "missing_branches": 4}, "missing_lines": [87, 88, 123, 125, 131, 132, 133, 134, 136, 175, 181, 182, 183, 184, 186, 198, 200, 201, 202, 205, 207, 209, 216, 217, 222, 223, 226, 230, 231, 232, 234, 235, 238, 242, 243, 244, 246, 257, 258, 259], "excluded_lines": []}, "gestionesquadra/filters.py": {"executed_lines": [], "summary": {"covered_lines": 0, "num_statements": 8, "percent_covered": 0.0, "percent_covered_display": "0", "missing_lines": 8, "excluded_lines": 0, "num_branches": 4, "num_partial_branches": 0, "covered_branches": 0, "missing_branches": 4}, "missing_lines": [1, 2, 4, 6, 7, 8, 10, 11], "excluded_lines": []}, "gestionesquadra/forms.py": {"executed_lines": [1, 3, 4, 7, 8, 9, 10, 12, 20, 27, 29, 38, 39, 40, 41], "summary": {"covered_lines": 14, "num_statements": 28, "percent_covered": 55.55555555555556, "percent_covered_display": "56", "missing_lines": 14, "excluded_lines": 0, "num_branches": 8, "num_partial_branches": 0, "covered_branches": 6, "missing_branches": 2}, "missing_lines": [13, 14, 16, 17, 18, 21, 22, 23, 24, 30, 31, 32, 35, 36], "excluded_lines": []}, "gestionesquadra/views.py": {"executed_lines": [1, 2, 3, 4, 5, 6, 7, 8, 9, 10, 11, 12, 13, 14, 15, 16, 17, 18, 20, 22, 23, 24, 25, 28, 29, 44, 53, 54, 55, 57, 75, 76, 77, 78, 80, 91, 102, 103, 104, 105, 106, 107, 109, 118, 119, 120, 121, 122, 125, 126, 127, 128, 129], "summary": {"covered_lines": 48, "num_statements": 95, "percent_covered": 53.211009174311926, "percent_covered_display": "53", "missing_lines": 47, "excluded_lines": 0, "num_branches": 14, "num_partial_branches": 0, "covered_branches": 10, "missing_branches": 4}, "missing_lines": [31, 32, 33, 36, 37, 38, 39, 40, 41, 42, 45, 46, 47, 49, 50, 58, 59, 60, 61, 62, 63, 64, 65, 66, 67, 68, 69, 70, 81, 82, 83, 84, 85, 86, 87, 89, 92, 93, 94, 95, 96, 97, 98, 99, 110, 111, 115], "excluded_lines": []}, "gestioneutenza/forms.py": {"executed_lines": [1, 2, 3, 4, 5, 6, 7, 9, 11, 12, 13, 14, 18, 31], "summary": {"covered_lines": 14, "num_statements": 24, "percent_covered": 56.25, "percent_covered_display": "56", "missing_lines": 10, "excluded_lines": 0, "num_branches": 8, "num_partial_branches": 0, "covered_branches": 4, "missing_branches": 4}, "missing_lines": [19, 21, 22, 24, 25, 26, 27, 28, 29, 32], "excluded_lines": []}, "gestioneutenza/strategyclasses/allenatorestrategy.py": {"executed_lines": [1, 2, 3, 4, 5, 7, 8, 9, 10, 12, 13, 14, 15, 17, 18, 22, 43, 56], "summary": {"covered_lines": 17, "num_statements": 36, "percent_covered": 43.18181818181818, "percent_covered_display": "43", "missing_lines": 19, "excluded_lines": 0, "num_branches": 8, "num_partial_branches": 0, "covered_branches": 2, "missing_branches": 6}, "missing_lines": [32, 33, 34, 35, 36, 37, 38, 40, 41, 52, 53, 54, 67, 68, 69, 72, 74, 75, 76], "excluded_lines": []}, "gestioneutenza/strategyclasses/castrategy.py": {"executed_lines": [1, 2, 3, 4, 5, 7, 8, 9, 10, 12, 13, 14, 15, 17, 18, 22], "summary": {"covered_lines": 15, "num_statements": 18, "percent_covered": 85.0, "percent_covered_display": "85", "missing_lines": 3, "excluded_lines": 0, "num_branches": 2, "num_partial_branches": 0, "covered_branches": 2, "missing_branches": 0}, "missing_lines": [32, 33, 34], "excluded_lines": []}, "gestioneutenza/strategyclasses/invitenotfound.py": {"executed_lines": [1, 2, 4], "summary": {"covered_lines": 2, "num_statements": 2, "percent_covered": 100.0, "percent_covered_display": "100", "missing_lines": 0, "excluded_lines": 0, "num_branches": 2, "num_partial_branches": 0, "covered_branches": 2, "missing_branches": 0}, "missing_lines": [], "excluded_lines": []}, "gestioneutenza/strategyclasses/strategy.py": {"executed_lines": [1, 2, 5, 6, 10, 16, 18, 19, 28, 29, 36, 48, 49, 57, 58], "summary": {"covered_lines": 13, "num_statements": 18, "percent_covered": 77.27272727272727, "percent_covered_display": "77", "missing_lines": 5, "excluded_lines": 0, "num_branches": 4, "num_partial_branches": 0, "covered_branches": 4, "missing_branches": 0}, "missing_lines": [26, 34, 44, 45, 59], "excluded_lines": []}, "gestioneutenza/views.py": {"executed_lines": [1, 2, 3, 4, 5, 6, 7, 8, 9, 10, 11, 12, 13, 14, 15, 16, 17, 18, 19, 21, 24, 25, 26, 28, 29, 33, 34, 35, 36, 37, 39, 40, 63, 64, 65, 67, 71, 72, 74, 79, 80, 81, 82, 83, 84, 85, 86, 89, 90, 91, 92, 93], "summary": {"covered_lines": 47, "num_statements": 65, "percent_covered": 72.8395061728395, "percent_covered_display": "73", "missing_lines": 18, "excluded_lines": 0, "num_branches": 16, "num_partial_branches": 0, "covered_branches": 12, "missing_branches": 4}, "missing_lines": [30, 41, 42, 43, 44, 45, 46, 47, 48, 49, 50, 52, 53, 54, 56, 68, 75, 76], "excluded_lines": []}}, "totals": {"covered_lines": 480, "num_statements": 774, "percent_covered": 62.29338842975206, "percent_covered_display": "62", "missing_lines": 294, "excluded_lines": 0, "num_branches": 194, "num_partial_branches": 3, "covered_branches": 123, "missing_branches": 71}}