{"meta": {"version": "6.2", "timestamp": "2022-01-21T15:11:03.220079", "branch_coverage": true, "show_contexts": false}, "files": {"core/decorators.py": {"executed_lines": [2, 3, 4, 5, 6, 7, 10, 12, 16, 19, 21, 22, 23, 24, 25, 26, 27, 30, 33, 34, 35, 36, 37, 38, 39, 40, 41], "summary": {"covered_lines": 27, "num_statements": 30, "percent_covered": 86.11111111111111, "percent_covered_display": "86", "missing_lines": 3, "excluded_lines": 0, "num_branches": 6, "num_partial_branches": 0, "covered_branches": 4, "missing_branches": 2}, "missing_lines": [13, 14, 15], "excluded_lines": []}, "core/views.py": {"executed_lines": [1, 2, 3, 4, 5, 6, 7, 8, 9, 10, 11, 14, 15, 16, 18, 19, 20, 21, 24, 25, 26, 27, 29, 30, 36, 37, 38, 39, 40, 41, 44, 48, 49, 50, 52], "summary": {"covered_lines": 33, "num_statements": 37, "percent_covered": 80.3921568627451, "percent_covered_display": "80", "missing_lines": 4, "excluded_lines": 0, "num_branches": 14, "num_partial_branches": 4, "covered_branches": 8, "missing_branches": 6}, "missing_lines": [22, 42, 43, 53], "excluded_lines": []}, "gestionecampionato/commandpattern/command.py": {"executed_lines": [1, 2, 4, 5, 9, 10], "summary": {"covered_lines": 5, "num_statements": 6, "percent_covered": 87.5, "percent_covered_display": "88", "missing_lines": 1, "excluded_lines": 0, "num_branches": 2, "num_partial_branches": 0, "covered_branches": 2, "missing_branches": 0}, "missing_lines": [11], "excluded_lines": []}, "gestionecampionato/commandpattern/generacalendariocommand.py": {"executed_lines": [1, 2, 3, 5, 6, 11, 12, 13, 15, 19], "summary": {"covered_lines": 9, "num_statements": 9, "percent_covered": 100.0, "percent_covered_display": "100", "missing_lines": 0, "excluded_lines": 0, "num_branches": 2, "num_partial_branches": 0, "covered_branches": 2, "missing_branches": 0}, "missing_lines": [], "excluded_lines": []}, "gestionecampionato/commandpattern/invoker.py": {"executed_lines": [1, 4, 5, 10, 16, 17, 19, 24, 25], "summary": {"covered_lines": 8, "num_statements": 8, "percent_covered": 91.66666666666667, "percent_covered_display": "92", "missing_lines": 0, "excluded_lines": 0, "num_branches": 4, "num_partial_branches": 1, "covered_branches": 3, "missing_branches": 1}, "missing_lines": [], "excluded_lines": []}, "gestionecampionato/commandpattern/receiver.py": {"executed_lines": [2, 3, 4, 5, 6, 7, 8, 9, 10, 11, 14, 15, 20, 29, 32, 33, 35, 36, 37, 38, 40, 42, 44, 46, 47, 48, 49, 50, 51, 52, 53], "summary": {"covered_lines": 30, "num_statements": 30, "percent_covered": 100.0, "percent_covered_display": "100", "missing_lines": 0, "excluded_lines": 0, "num_branches": 10, "num_partial_branches": 0, "covered_branches": 10, "missing_branches": 0}, "missing_lines": [], "excluded_lines": []}, "gestionecampionato/forms.py": {"executed_lines": [1, 2, 3, 4, 6, 8, 10, 11, 12, 13, 19, 21, 22, 23, 24, 29, 30, 35, 40, 41, 42, 44, 46, 47, 48, 49, 50, 51, 52, 55, 56, 57, 59, 60, 61, 63, 64, 66, 75, 76, 77, 101, 102, 103, 105, 115, 124, 125, 126], "summary": {"covered_lines": 45, "num_statements": 82, "percent_covered": 55.08474576271186, "percent_covered_display": "55", "missing_lines": 37, "excluded_lines": 0, "num_branches": 36, "num_partial_branches": 0, "covered_branches": 20, "missing_branches": 16}, "missing_lines": [68, 69, 70, 72, 84, 86, 87, 89, 90, 91, 92, 93, 94, 95, 97, 98, 106, 107, 108, 110, 111, 113, 117, 118, 119, 121, 133, 135, 136, 138, 139, 140, 141, 142, 143, 145, 146], "excluded_lines": []}, "gestionecampionato/views.py": {"executed_lines": [1, 2, 3, 4, 5, 6, 7, 8, 9, 10, 11, 12, 14, 15, 16, 18, 19, 20, 21, 23, 26, 27, 28, 29, 30, 31, 32, 33, 36, 37, 38, 39, 40, 41, 42, 43, 46, 47, 48, 49, 51, 53, 54, 56, 57, 58, 60, 61, 63, 65, 66, 67, 69, 70, 74, 75, 76, 78, 79, 80, 81, 84, 86, 91, 92, 93, 95, 97, 98, 99, 101, 102, 103, 104, 106, 108, 110, 112, 115, 121, 164, 165, 167, 194, 240, 241, 243, 250, 258, 259, 261], "summary": {"covered_lines": 86, "num_statements": 162, "percent_covered": 52.475247524752476, "percent_covered_display": "52", "missing_lines": 76, "excluded_lines": 0, "num_branches": 40, "num_partial_branches": 0, "covered_branches": 20, "missing_branches": 20}, "missing_lines": [87, 88, 123, 124, 126, 128, 130, 134, 135, 137, 140, 143, 145, 146, 147, 148, 149, 150, 151, 152, 154, 156, 158, 169, 170, 173, 175, 178, 180, 182, 184, 186, 189, 197, 198, 201, 203, 206, 207, 209, 211, 213, 216, 219, 221, 222, 223, 224, 225, 226, 227, 228, 230, 232, 234, 244, 246, 247, 248, 251, 253, 255, 263, 269, 270, 272, 274, 275, 276, 278, 279, 281, 283, 284, 285, 287], "excluded_lines": []}, "gestionesquadra/filters.py": {"executed_lines": [], "summary": {"covered_lines": 0, "num_statements": 8, "percent_covered": 0.0, "percent_covered_display": "0", "missing_lines": 8, "excluded_lines": 0, "num_branches": 4, "num_partial_branches": 0, "covered_branches": 0, "missing_branches": 4}, "missing_lines": [1, 2, 4, 6, 7, 8, 10, 11], "excluded_lines": []}, "gestionesquadra/forms.py": {"executed_lines": [1, 2, 5, 6, 7, 8, 10, 18], "summary": {"covered_lines": 7, "num_statements": 16, "percent_covered": 50.0, "percent_covered_display": "50", "missing_lines": 9, "excluded_lines": 0, "num_branches": 2, "num_partial_branches": 0, "covered_branches": 2, "missing_branches": 0}, "missing_lines": [11, 12, 14, 15, 16, 19, 20, 21, 22], "excluded_lines": []}, "gestionesquadra/views.py": {"executed_lines": [1, 2, 3, 4, 5, 6, 7, 8, 9, 10, 11, 12, 13, 14, 15, 16, 19, 34, 42, 43, 44, 46, 65, 66, 68, 74], "summary": {"covered_lines": 25, "num_statements": 65, "percent_covered": 39.726027397260275, "percent_covered_display": "40", "missing_lines": 40, "excluded_lines": 0, "num_branches": 8, "num_partial_branches": 0, "covered_branches": 4, "missing_branches": 4}, "missing_lines": [21, 22, 23, 26, 27, 28, 29, 30, 31, 32, 35, 36, 37, 38, 39, 47, 48, 49, 50, 51, 52, 53, 54, 55, 56, 57, 58, 59, 69, 70, 71, 72, 75, 76, 77, 78, 79, 80, 81, 82], "excluded_lines": []}, "gestioneutenza/forms.py": {"executed_lines": [1, 2, 3, 4, 5, 6, 7, 9, 11, 12, 13, 14, 18, 31], "summary": {"covered_lines": 14, "num_statements": 24, "percent_covered": 56.25, "percent_covered_display": "56", "missing_lines": 10, "excluded_lines": 0, "num_branches": 8, "num_partial_branches": 0, "covered_branches": 4, "missing_branches": 4}, "missing_lines": [19, 21, 22, 24, 25, 26, 27, 28, 29, 32], "excluded_lines": []}, "gestioneutenza/strategyclasses/allenatorestrategy.py": {"executed_lines": [1, 2, 3, 4, 5, 7, 8, 9, 10, 12, 13, 14, 15, 17, 18, 22, 43, 56], "summary": {"covered_lines": 17, "num_statements": 36, "percent_covered": 43.18181818181818, "percent_covered_display": "43", "missing_lines": 19, "excluded_lines": 0, "num_branches": 8, "num_partial_branches": 0, "covered_branches": 2, "missing_branches": 6}, "missing_lines": [32, 33, 34, 35, 36, 37, 38, 40, 41, 52, 53, 54, 67, 68, 69, 72, 74, 75, 76], "excluded_lines": []}, "gestioneutenza/strategyclasses/castrategy.py": {"executed_lines": [1, 2, 3, 4, 5, 7, 8, 9, 10, 12, 13, 14, 15, 17, 18, 22], "summary": {"covered_lines": 15, "num_statements": 18, "percent_covered": 85.0, "percent_covered_display": "85", "missing_lines": 3, "excluded_lines": 0, "num_branches": 2, "num_partial_branches": 0, "covered_branches": 2, "missing_branches": 0}, "missing_lines": [32, 33, 34], "excluded_lines": []}, "gestioneutenza/strategyclasses/invitenotfound.py": {"executed_lines": [1, 2, 4], "summary": {"covered_lines": 2, "num_statements": 2, "percent_covered": 100.0, "percent_covered_display": "100", "missing_lines": 0, "excluded_lines": 0, "num_branches": 2, "num_partial_branches": 0, "covered_branches": 2, "missing_branches": 0}, "missing_lines": [], "excluded_lines": []}, "gestioneutenza/strategyclasses/strategy.py": {"executed_lines": [1, 2, 5, 6, 10, 16, 18, 19, 28, 29, 36, 48, 49, 57, 58], "summary": {"covered_lines": 13, "num_statements": 18, "percent_covered": 77.27272727272727, "percent_covered_display": "77", "missing_lines": 5, "excluded_lines": 0, "num_branches": 4, "num_partial_branches": 0, "covered_branches": 4, "missing_branches": 0}, "missing_lines": [26, 34, 44, 45, 59], "excluded_lines": []}, "gestioneutenza/views.py": {"executed_lines": [1, 2, 3, 4, 5, 6, 7, 8, 9, 10, 11, 12, 13, 14, 15, 16, 17, 18, 19, 21, 24, 25, 26, 28, 29, 33, 34, 35, 36, 37, 39, 40, 63, 64, 65, 67, 71, 72, 74, 79, 80, 81, 82, 83, 84, 85, 86, 89, 90, 91, 92, 93], "summary": {"covered_lines": 47, "num_statements": 65, "percent_covered": 72.8395061728395, "percent_covered_display": "73", "missing_lines": 18, "excluded_lines": 0, "num_branches": 16, "num_partial_branches": 0, "covered_branches": 12, "missing_branches": 4}, "missing_lines": [30, 41, 42, 43, 44, 45, 46, 47, 48, 49, 50, 52, 53, 54, 56, 68, 75, 76], "excluded_lines": []}}, "totals": {"covered_lines": 383, "num_statements": 616, "percent_covered": 61.734693877551024, "percent_covered_display": "62", "missing_lines": 233, "excluded_lines": 0, "num_branches": 168, "num_partial_branches": 5, "covered_branches": 101, "missing_branches": 67}}